<?xml version="1.0" encoding="UTF-8"?>
<!-- Generated by org.testng.reporters.JUnitReportReporter -->
<testsuite hostname="LAPTOP-J01TQCUN" failures="0" tests="1" name="com.iNetBanking.testCases.TC_LoginPage_001" time="2.504" errors="0" timestamp="25 Jul 2021 08:37:31 GMT" skipped="0">
  <testcase classname="com.iNetBanking.testCases.TC_LoginPage_001" name="LoginTest" time="2.504"/>
</testsuite> <!-- com.iNetBanking.testCases.TC_LoginPage_001 -->
