<?xml version="1.0" encoding="UTF-8"?>
<!-- Generated by org.testng.reporters.JUnitReportReporter -->
<testsuite hostname="LAPTOP-J01TQCUN" failures="0" tests="1" name="com.iNetBanking.testCases.TC_LoginPage_001" time="2.326" errors="0" timestamp="09 Oct 2021 06:23:11 GMT" skipped="0">
  <testcase classname="com.iNetBanking.testCases.TC_LoginPage_001" name="LoginTest" time="2.326"/>
</testsuite> <!-- com.iNetBanking.testCases.TC_LoginPage_001 -->
