<?xml version="1.0" encoding="UTF-8"?>
<!-- Generated by org.testng.reporters.JUnitReportReporter -->
<testsuite hostname="LAPTOP-J01TQCUN" failures="0" tests="1" name="com.iNetBanking.testCases.TC_AddCustomerDetails_002" time="8.156" errors="0" timestamp="09 Oct 2021 06:23:11 GMT" skipped="0">
  <testcase classname="com.iNetBanking.testCases.TC_AddCustomerDetails_002" name="AddCutomerDetails" time="8.156"/>
</testsuite> <!-- com.iNetBanking.testCases.TC_AddCustomerDetails_002 -->
