<?xml version="1.0" encoding="UTF-8"?>
<!-- Generated by org.testng.reporters.JUnitReportReporter -->
<testsuite skipped="0" hostname="LAPTOP-J01TQCUN" name="com.iNetBanking.testCases.TC_LoginPageDDT_002" tests="6" failures="0" timestamp="27 Jul 2021 07:32:37 GMT" time="59.306" errors="0">
  <testcase name="LoginDDT" time="12.009" classname="com.iNetBanking.testCases.TC_LoginPageDDT_002"/>
  <testcase name="LoginDDT" time="5.934" classname="com.iNetBanking.testCases.TC_LoginPageDDT_002"/>
  <testcase name="LoginDDT" time="12.532" classname="com.iNetBanking.testCases.TC_LoginPageDDT_002"/>
  <testcase name="LoginDDT" time="6.289" classname="com.iNetBanking.testCases.TC_LoginPageDDT_002"/>
  <testcase name="LoginDDT" time="9.038" classname="com.iNetBanking.testCases.TC_LoginPageDDT_002"/>
  <testcase name="LoginDDT" time="13.504" classname="com.iNetBanking.testCases.TC_LoginPageDDT_002"/>
</testsuite> <!-- com.iNetBanking.testCases.TC_LoginPageDDT_002 -->
