<?xml version="1.0" encoding="UTF-8"?>
<!-- Generated by org.testng.reporters.JUnitReportReporter -->
<testsuite skipped="0" hostname="LAPTOP-J01TQCUN" name="com.iNetBanking.testCases.TC_LoginPageDDT_002" tests="6" failures="0" timestamp="28 Jul 2021 08:42:38 GMT" time="59.379" errors="0">
  <testcase name="LoginDDT" time="11.780" classname="com.iNetBanking.testCases.TC_LoginPageDDT_002"/>
  <testcase name="LoginDDT" time="6.310" classname="com.iNetBanking.testCases.TC_LoginPageDDT_002"/>
  <testcase name="LoginDDT" time="11.574" classname="com.iNetBanking.testCases.TC_LoginPageDDT_002"/>
  <testcase name="LoginDDT" time="8.335" classname="com.iNetBanking.testCases.TC_LoginPageDDT_002"/>
  <testcase name="LoginDDT" time="8.143" classname="com.iNetBanking.testCases.TC_LoginPageDDT_002"/>
  <testcase name="LoginDDT" time="13.237" classname="com.iNetBanking.testCases.TC_LoginPageDDT_002"/>
</testsuite> <!-- com.iNetBanking.testCases.TC_LoginPageDDT_002 -->
