<?xml version="1.0" encoding="UTF-8"?>
<!-- Generated by org.testng.reporters.JUnitReportReporter -->
<testsuite skipped="0" hostname="LAPTOP-J01TQCUN" name="com.iNetBanking.testCases.TC_LoginPageDDT_002" tests="6" failures="0" timestamp="12 Aug 2021 18:19:52 GMT" time="33.414" errors="0">
  <testcase name="LoginDDT" time="5.593" classname="com.iNetBanking.testCases.TC_LoginPageDDT_002"/>
  <testcase name="LoginDDT" time="5.507" classname="com.iNetBanking.testCases.TC_LoginPageDDT_002"/>
  <testcase name="LoginDDT" time="5.438" classname="com.iNetBanking.testCases.TC_LoginPageDDT_002"/>
  <testcase name="LoginDDT" time="5.142" classname="com.iNetBanking.testCases.TC_LoginPageDDT_002"/>
  <testcase name="LoginDDT" time="5.414" classname="com.iNetBanking.testCases.TC_LoginPageDDT_002"/>
  <testcase name="LoginDDT" time="6.320" classname="com.iNetBanking.testCases.TC_LoginPageDDT_002"/>
</testsuite> <!-- com.iNetBanking.testCases.TC_LoginPageDDT_002 -->
