<?xml version="1.0" encoding="UTF-8"?>
<!-- Generated by org.testng.reporters.JUnitReportReporter -->
<testsuite skipped="0" hostname="LAPTOP-J01TQCUN" name="com.iNetBanking.testCases.TC_LoginPage_001" tests="1" failures="0" timestamp="27 Jul 2021 07:32:37 GMT" time="1.676" errors="0">
  <testcase name="LoginTest" time="1.676" classname="com.iNetBanking.testCases.TC_LoginPage_001"/>
</testsuite> <!-- com.iNetBanking.testCases.TC_LoginPage_001 -->
