<?xml version="1.0" encoding="UTF-8"?>
<!-- Generated by org.testng.reporters.JUnitReportReporter -->
<testsuite skipped="0" hostname="LAPTOP-J01TQCUN" name="com.iNetBanking.testCases.TC_AddCustomerDetails_002" tests="1" failures="0" timestamp="28 Jul 2021 08:42:38 GMT" time="7.459" errors="0">
  <testcase name="AddCutomerDetails" time="7.459" classname="com.iNetBanking.testCases.TC_AddCustomerDetails_002"/>
</testsuite> <!-- com.iNetBanking.testCases.TC_AddCustomerDetails_002 -->
